Determining if the pthread_create exist failed with the following output:
Change Dir: /home/robond/Desktop/UdacityProjects/Gochaseit/catkin_ws/build/CMakeFiles/CMakeTmp

Run Build Command:"/usr/bin/make" "cmTC_20acc/fast"
/usr/bin/make -f CMakeFiles/cmTC_20acc.dir/build.make CMakeFiles/cmTC_20acc.dir/build
make[1]: Entering directory '/home/robond/Desktop/UdacityProjects/Gochaseit/catkin_ws/build/CMakeFiles/CMakeTmp'
Building C object CMakeFiles/cmTC_20acc.dir/CheckSymbolExists.c.o
/usr/bin/cc     -o CMakeFiles/cmTC_20acc.dir/CheckSymbolExists.c.o   -c /home/robond/Desktop/UdacityProjects/Gochaseit/catkin_ws/build/CMakeFiles/CMakeTmp/CheckSymbolExists.c
Linking C executable cmTC_20acc
/usr/bin/cmake -E cmake_link_script CMakeFiles/cmTC_20acc.dir/link.txt --verbose=1
/usr/bin/cc       CMakeFiles/cmTC_20acc.dir/CheckSymbolExists.c.o  -o cmTC_20acc -rdynamic 
CMakeFiles/cmTC_20acc.dir/CheckSymbolExists.c.o: In function `main':
CheckSymbolExists.c:(.text+0x16): undefined reference to `pthread_create'
collect2: error: ld returned 1 exit status
CMakeFiles/cmTC_20acc.dir/build.make:97: recipe for target 'cmTC_20acc' failed
make[1]: *** [cmTC_20acc] Error 1
make[1]: Leaving directory '/home/robond/Desktop/UdacityProjects/Gochaseit/catkin_ws/build/CMakeFiles/CMakeTmp'
Makefile:126: recipe for target 'cmTC_20acc/fast' failed
make: *** [cmTC_20acc/fast] Error 2

File /home/robond/Desktop/UdacityProjects/Gochaseit/catkin_ws/build/CMakeFiles/CMakeTmp/CheckSymbolExists.c:
/* */
#include <pthread.h>

int main(int argc, char** argv)
{
  (void)argv;
#ifndef pthread_create
  return ((int*)(&pthread_create))[argc];
#else
  (void)argc;
  return 0;
#endif
}

Determining if the function pthread_create exists in the pthreads failed with the following output:
Change Dir: /home/robond/Desktop/UdacityProjects/Gochaseit/catkin_ws/build/CMakeFiles/CMakeTmp

Run Build Command:"/usr/bin/make" "cmTC_c74bf/fast"
/usr/bin/make -f CMakeFiles/cmTC_c74bf.dir/build.make CMakeFiles/cmTC_c74bf.dir/build
make[1]: Entering directory '/home/robond/Desktop/UdacityProjects/Gochaseit/catkin_ws/build/CMakeFiles/CMakeTmp'
Building C object CMakeFiles/cmTC_c74bf.dir/CheckFunctionExists.c.o
/usr/bin/cc    -DCHECK_FUNCTION_EXISTS=pthread_create   -o CMakeFiles/cmTC_c74bf.dir/CheckFunctionExists.c.o   -c /usr/share/cmake-3.5/Modules/CheckFunctionExists.c
Linking C executable cmTC_c74bf
/usr/bin/cmake -E cmake_link_script CMakeFiles/cmTC_c74bf.dir/link.txt --verbose=1
/usr/bin/cc   -DCHECK_FUNCTION_EXISTS=pthread_create    CMakeFiles/cmTC_c74bf.dir/CheckFunctionExists.c.o  -o cmTC_c74bf -rdynamic -lpthreads 
/usr/bin/ld: cannot find -lpthreads
collect2: error: ld returned 1 exit status
CMakeFiles/cmTC_c74bf.dir/build.make:97: recipe for target 'cmTC_c74bf' failed
make[1]: *** [cmTC_c74bf] Error 1
make[1]: Leaving directory '/home/robond/Desktop/UdacityProjects/Gochaseit/catkin_ws/build/CMakeFiles/CMakeTmp'
Makefile:126: recipe for target 'cmTC_c74bf/fast' failed
make: *** [cmTC_c74bf/fast] Error 2


